<?xml version="1.0" encoding="UTF-8"?>
<testsuite xmlns:xsi="http://www.w3.org/2001/XMLSchema-instance" xsi:noNamespaceSchemaLocation="https://maven.apache.org/surefire/maven-surefire-plugin/xsd/surefire-test-report-3.0.xsd" version="3.0" name="perretpy.HelloAppEngineTest(sponge_log)" time="0.451" tests="1" errors="0" skipped="0" failures="0">
  <properties>
    <property name="gopherProxySet" value="false"/>
    <property name="awt.toolkit" value="sun.lwawt.macosx.LWCToolkit"/>
    <property name="java.specification.version" value="11"/>
    <property name="sun.cpu.isalist" value=""/>
    <property name="sun.jnu.encoding" value="UTF-8"/>
    <property name="java.class.path" value="/Users/pierre-yvesperret/Documents/ProjetsDev/FAC/petition_back/target/test-classes:/Users/pierre-yvesperret/Documents/ProjetsDev/FAC/petition_back/target/petition-1.0-SNAPSHOT/WEB-INF/classes:/Users/pierre-yvesperret/.m2/repository/com/google/endpoints/endpoints-framework/2.2.1/endpoints-framework-2.2.1.jar:/Users/pierre-yvesperret/.m2/repository/com/google/guava/guava/20.0/guava-20.0.jar:/Users/pierre-yvesperret/.m2/repository/com/fasterxml/jackson/core/jackson-annotations/2.9.6/jackson-annotations-2.9.6.jar:/Users/pierre-yvesperret/.m2/repository/com/fasterxml/jackson/core/jackson-core/2.9.6/jackson-core-2.9.6.jar:/Users/pierre-yvesperret/.m2/repository/com/fasterxml/jackson/core/jackson-databind/2.9.6/jackson-databind-2.9.6.jar:/Users/pierre-yvesperret/.m2/repository/com/google/flogger/flogger/0.3.1/flogger-0.3.1.jar:/Users/pierre-yvesperret/.m2/repository/com/google/http-client/google-http-client-jackson2/1.25.0/google-http-client-jackson2-1.25.0.jar:/Users/pierre-yvesperret/.m2/repository/com/google/http-client/google-http-client/1.25.0/google-http-client-1.25.0.jar:/Users/pierre-yvesperret/.m2/repository/org/apache/httpcomponents/httpclient/4.5.5/httpclient-4.5.5.jar:/Users/pierre-yvesperret/.m2/repository/org/apache/httpcomponents/httpcore/4.4.9/httpcore-4.4.9.jar:/Users/pierre-yvesperret/.m2/repository/commons-logging/commons-logging/1.2/commons-logging-1.2.jar:/Users/pierre-yvesperret/.m2/repository/commons-codec/commons-codec/1.10/commons-codec-1.10.jar:/Users/pierre-yvesperret/.m2/repository/com/google/j2objc/j2objc-annotations/1.1/j2objc-annotations-1.1.jar:/Users/pierre-yvesperret/.m2/repository/com/google/api-client/google-api-client/1.25.0/google-api-client-1.25.0.jar:/Users/pierre-yvesperret/.m2/repository/com/google/oauth-client/google-oauth-client/1.25.0/google-oauth-client-1.25.0.jar:/Users/pierre-yvesperret/.m2/repository/com/google/api-client/google-api-client-appengine/1.25.0/google-api-client-appengine-1.25.0.jar:/Users/pierre-yvesperret/.m2/repository/com/google/oauth-client/google-oauth-client-appengine/1.25.0/google-oauth-client-appengine-1.25.0.jar:/Users/pierre-yvesperret/.m2/repository/com/google/oauth-client/google-oauth-client-servlet/1.25.0/google-oauth-client-servlet-1.25.0.jar:/Users/pierre-yvesperret/.m2/repository/com/google/http-client/google-http-client-jdo/1.25.0/google-http-client-jdo-1.25.0.jar:/Users/pierre-yvesperret/.m2/repository/com/google/api-client/google-api-client-servlet/1.25.0/google-api-client-servlet-1.25.0.jar:/Users/pierre-yvesperret/.m2/repository/javax/servlet/servlet-api/2.5/servlet-api-2.5.jar:/Users/pierre-yvesperret/.m2/repository/javax/jdo/jdo2-api/2.3-eb/jdo2-api-2.3-eb.jar:/Users/pierre-yvesperret/.m2/repository/javax/transaction/transaction-api/1.1/transaction-api-1.1.jar:/Users/pierre-yvesperret/.m2/repository/com/google/http-client/google-http-client-appengine/1.25.0/google-http-client-appengine-1.25.0.jar:/Users/pierre-yvesperret/.m2/repository/com/google/code/findbugs/jsr305/3.0.1/jsr305-3.0.1.jar:/Users/pierre-yvesperret/.m2/repository/commons-fileupload/commons-fileupload/1.3.3/commons-fileupload-1.3.3.jar:/Users/pierre-yvesperret/.m2/repository/commons-io/commons-io/2.2/commons-io-2.2.jar:/Users/pierre-yvesperret/.m2/repository/io/swagger/swagger-models/1.5.9/swagger-models-1.5.9.jar:/Users/pierre-yvesperret/.m2/repository/org/slf4j/slf4j-api/1.6.3/slf4j-api-1.6.3.jar:/Users/pierre-yvesperret/.m2/repository/io/swagger/swagger-annotations/1.5.9/swagger-annotations-1.5.9.jar:/Users/pierre-yvesperret/.m2/repository/io/swagger/swagger-core/1.5.9/swagger-core-1.5.9.jar:/Users/pierre-yvesperret/.m2/repository/org/apache/commons/commons-lang3/3.2.1/commons-lang3-3.2.1.jar:/Users/pierre-yvesperret/.m2/repository/com/fasterxml/jackson/datatype/jackson-datatype-joda/2.4.5/jackson-datatype-joda-2.4.5.jar:/Users/pierre-yvesperret/.m2/repository/joda-time/joda-time/2.2/joda-time-2.2.jar:/Users/pierre-yvesperret/.m2/repository/com/fasterxml/jackson/dataformat/jackson-dataformat-yaml/2.4.5/jackson-dataformat-yaml-2.4.5.jar:/Users/pierre-yvesperret/.m2/repository/org/yaml/snakeyaml/1.12/snakeyaml-1.12.jar:/Users/pierre-yvesperret/.m2/repository/javax/validation/validation-api/1.1.0.Final/validation-api-1.1.0.Final.jar:/Users/pierre-yvesperret/.m2/repository/org/slf4j/slf4j-nop/1.7.21/slf4j-nop-1.7.21.jar:/Users/pierre-yvesperret/.m2/repository/com/google/flogger/flogger-system-backend/0.3.1/flogger-system-backend-0.3.1.jar:/Users/pierre-yvesperret/.m2/repository/com/google/endpoints/endpoints-management-control-appengine-all/1.0.12/endpoints-management-control-appengine-all-1.0.12.jar:/Users/pierre-yvesperret/.m2/repository/com/google/appengine/appengine-api-1.0-sdk/1.9.79/appengine-api-1.0-sdk-1.9.79.jar:/Users/pierre-yvesperret/.m2/repository/javax/servlet/javax.servlet-api/3.1.0/javax.servlet-api-3.1.0.jar:/Users/pierre-yvesperret/.m2/repository/javax/inject/javax.inject/1/javax.inject-1.jar:/Users/pierre-yvesperret/.m2/repository/junit/junit/4.13/junit-4.13.jar:/Users/pierre-yvesperret/.m2/repository/org/hamcrest/hamcrest-core/1.3/hamcrest-core-1.3.jar:"/>
    <property name="java.vm.vendor" value="Oracle Corporation"/>
    <property name="sun.arch.data.model" value="64"/>
    <property name="java.vendor.url" value="https://openjdk.java.net/"/>
    <property name="user.timezone" value=""/>
    <property name="java.vm.specification.version" value="11"/>
    <property name="os.name" value="Mac OS X"/>
    <property name="sun.java.launcher" value="SUN_STANDARD"/>
    <property name="user.country" value="FR"/>
    <property name="sun.boot.library.path" value="/Library/Java/JavaVirtualMachines/jdk-11.0.10.jdk/Contents/Home/lib"/>
    <property name="sun.java.command" value="/Users/pierre-yvesperret/Documents/ProjetsDev/FAC/petition_back/target/surefire/surefirebooter7754322185449650555.jar /Users/pierre-yvesperret/Documents/ProjetsDev/FAC/petition_back/target/surefire 2021-06-23T21-11-40_200-jvmRun1 surefire2181371867497264877tmp surefire_02392474851073569012tmp"/>
    <property name="http.nonProxyHosts" value="local|*.local|169.254/16|*.169.254/16"/>
    <property name="jdk.debug" value="release"/>
    <property name="surefire.test.class.path" value="/Users/pierre-yvesperret/Documents/ProjetsDev/FAC/petition_back/target/test-classes:/Users/pierre-yvesperret/Documents/ProjetsDev/FAC/petition_back/target/petition-1.0-SNAPSHOT/WEB-INF/classes:/Users/pierre-yvesperret/.m2/repository/com/google/endpoints/endpoints-framework/2.2.1/endpoints-framework-2.2.1.jar:/Users/pierre-yvesperret/.m2/repository/com/google/guava/guava/20.0/guava-20.0.jar:/Users/pierre-yvesperret/.m2/repository/com/fasterxml/jackson/core/jackson-annotations/2.9.6/jackson-annotations-2.9.6.jar:/Users/pierre-yvesperret/.m2/repository/com/fasterxml/jackson/core/jackson-core/2.9.6/jackson-core-2.9.6.jar:/Users/pierre-yvesperret/.m2/repository/com/fasterxml/jackson/core/jackson-databind/2.9.6/jackson-databind-2.9.6.jar:/Users/pierre-yvesperret/.m2/repository/com/google/flogger/flogger/0.3.1/flogger-0.3.1.jar:/Users/pierre-yvesperret/.m2/repository/com/google/http-client/google-http-client-jackson2/1.25.0/google-http-client-jackson2-1.25.0.jar:/Users/pierre-yvesperret/.m2/repository/com/google/http-client/google-http-client/1.25.0/google-http-client-1.25.0.jar:/Users/pierre-yvesperret/.m2/repository/org/apache/httpcomponents/httpclient/4.5.5/httpclient-4.5.5.jar:/Users/pierre-yvesperret/.m2/repository/org/apache/httpcomponents/httpcore/4.4.9/httpcore-4.4.9.jar:/Users/pierre-yvesperret/.m2/repository/commons-logging/commons-logging/1.2/commons-logging-1.2.jar:/Users/pierre-yvesperret/.m2/repository/commons-codec/commons-codec/1.10/commons-codec-1.10.jar:/Users/pierre-yvesperret/.m2/repository/com/google/j2objc/j2objc-annotations/1.1/j2objc-annotations-1.1.jar:/Users/pierre-yvesperret/.m2/repository/com/google/api-client/google-api-client/1.25.0/google-api-client-1.25.0.jar:/Users/pierre-yvesperret/.m2/repository/com/google/oauth-client/google-oauth-client/1.25.0/google-oauth-client-1.25.0.jar:/Users/pierre-yvesperret/.m2/repository/com/google/api-client/google-api-client-appengine/1.25.0/google-api-client-appengine-1.25.0.jar:/Users/pierre-yvesperret/.m2/repository/com/google/oauth-client/google-oauth-client-appengine/1.25.0/google-oauth-client-appengine-1.25.0.jar:/Users/pierre-yvesperret/.m2/repository/com/google/oauth-client/google-oauth-client-servlet/1.25.0/google-oauth-client-servlet-1.25.0.jar:/Users/pierre-yvesperret/.m2/repository/com/google/http-client/google-http-client-jdo/1.25.0/google-http-client-jdo-1.25.0.jar:/Users/pierre-yvesperret/.m2/repository/com/google/api-client/google-api-client-servlet/1.25.0/google-api-client-servlet-1.25.0.jar:/Users/pierre-yvesperret/.m2/repository/javax/servlet/servlet-api/2.5/servlet-api-2.5.jar:/Users/pierre-yvesperret/.m2/repository/javax/jdo/jdo2-api/2.3-eb/jdo2-api-2.3-eb.jar:/Users/pierre-yvesperret/.m2/repository/javax/transaction/transaction-api/1.1/transaction-api-1.1.jar:/Users/pierre-yvesperret/.m2/repository/com/google/http-client/google-http-client-appengine/1.25.0/google-http-client-appengine-1.25.0.jar:/Users/pierre-yvesperret/.m2/repository/com/google/code/findbugs/jsr305/3.0.1/jsr305-3.0.1.jar:/Users/pierre-yvesperret/.m2/repository/commons-fileupload/commons-fileupload/1.3.3/commons-fileupload-1.3.3.jar:/Users/pierre-yvesperret/.m2/repository/commons-io/commons-io/2.2/commons-io-2.2.jar:/Users/pierre-yvesperret/.m2/repository/io/swagger/swagger-models/1.5.9/swagger-models-1.5.9.jar:/Users/pierre-yvesperret/.m2/repository/org/slf4j/slf4j-api/1.6.3/slf4j-api-1.6.3.jar:/Users/pierre-yvesperret/.m2/repository/io/swagger/swagger-annotations/1.5.9/swagger-annotations-1.5.9.jar:/Users/pierre-yvesperret/.m2/repository/io/swagger/swagger-core/1.5.9/swagger-core-1.5.9.jar:/Users/pierre-yvesperret/.m2/repository/org/apache/commons/commons-lang3/3.2.1/commons-lang3-3.2.1.jar:/Users/pierre-yvesperret/.m2/repository/com/fasterxml/jackson/datatype/jackson-datatype-joda/2.4.5/jackson-datatype-joda-2.4.5.jar:/Users/pierre-yvesperret/.m2/repository/joda-time/joda-time/2.2/joda-time-2.2.jar:/Users/pierre-yvesperret/.m2/repository/com/fasterxml/jackson/dataformat/jackson-dataformat-yaml/2.4.5/jackson-dataformat-yaml-2.4.5.jar:/Users/pierre-yvesperret/.m2/repository/org/yaml/snakeyaml/1.12/snakeyaml-1.12.jar:/Users/pierre-yvesperret/.m2/repository/javax/validation/validation-api/1.1.0.Final/validation-api-1.1.0.Final.jar:/Users/pierre-yvesperret/.m2/repository/org/slf4j/slf4j-nop/1.7.21/slf4j-nop-1.7.21.jar:/Users/pierre-yvesperret/.m2/repository/com/google/flogger/flogger-system-backend/0.3.1/flogger-system-backend-0.3.1.jar:/Users/pierre-yvesperret/.m2/repository/com/google/endpoints/endpoints-management-control-appengine-all/1.0.12/endpoints-management-control-appengine-all-1.0.12.jar:/Users/pierre-yvesperret/.m2/repository/com/google/appengine/appengine-api-1.0-sdk/1.9.79/appengine-api-1.0-sdk-1.9.79.jar:/Users/pierre-yvesperret/.m2/repository/javax/servlet/javax.servlet-api/3.1.0/javax.servlet-api-3.1.0.jar:/Users/pierre-yvesperret/.m2/repository/javax/inject/javax.inject/1/javax.inject-1.jar:/Users/pierre-yvesperret/.m2/repository/junit/junit/4.13/junit-4.13.jar:/Users/pierre-yvesperret/.m2/repository/org/hamcrest/hamcrest-core/1.3/hamcrest-core-1.3.jar:"/>
    <property name="sun.cpu.endian" value="little"/>
    <property name="user.home" value="/Users/pierre-yvesperret"/>
    <property name="user.language" value="fr"/>
    <property name="java.specification.vendor" value="Oracle Corporation"/>
    <property name="java.version.date" value="2021-01-19"/>
    <property name="java.home" value="/Library/Java/JavaVirtualMachines/jdk-11.0.10.jdk/Contents/Home"/>
    <property name="file.separator" value="/"/>
    <property name="basedir" value="/Users/pierre-yvesperret/Documents/ProjetsDev/FAC/petition_back"/>
    <property name="java.vm.compressedOopsMode" value="Zero based"/>
    <property name="line.separator" value="&#10;"/>
    <property name="java.specification.name" value="Java Platform API Specification"/>
    <property name="java.vm.specification.vendor" value="Oracle Corporation"/>
    <property name="java.awt.graphicsenv" value="sun.awt.CGraphicsEnvironment"/>
    <property name="surefire.real.class.path" value="/Users/pierre-yvesperret/Documents/ProjetsDev/FAC/petition_back/target/surefire/surefirebooter7754322185449650555.jar"/>
    <property name="sun.management.compiler" value="HotSpot 64-Bit Tiered Compilers"/>
    <property name="ftp.nonProxyHosts" value="local|*.local|169.254/16|*.169.254/16"/>
    <property name="java.runtime.version" value="11.0.10+8-LTS-162"/>
    <property name="user.name" value="pierre-yvesperret"/>
    <property name="path.separator" value=":"/>
    <property name="os.version" value="10.16"/>
    <property name="java.runtime.name" value="Java(TM) SE Runtime Environment"/>
    <property name="file.encoding" value="UTF-8"/>
    <property name="java.vm.name" value="Java HotSpot(TM) 64-Bit Server VM"/>
    <property name="java.vendor.version" value="18.9"/>
    <property name="localRepository" value="/Users/pierre-yvesperret/.m2/repository"/>
    <property name="java.vendor.url.bug" value="https://bugreport.java.com/bugreport/"/>
    <property name="java.io.tmpdir" value="/var/folders/38/vms_h6kj3kq90m90b5p38rpw0000gn/T/"/>
    <property name="java.version" value="11.0.10"/>
    <property name="user.dir" value="/Users/pierre-yvesperret/Documents/ProjetsDev/FAC/petition_back"/>
    <property name="os.arch" value="x86_64"/>
    <property name="java.vm.specification.name" value="Java Virtual Machine Specification"/>
    <property name="java.awt.printerjob" value="sun.lwawt.macosx.CPrinterJob"/>
    <property name="sun.os.patch.level" value="unknown"/>
    <property name="java.library.path" value="/Users/pierre-yvesperret/Library/Java/Extensions:/Library/Java/Extensions:/Network/Library/Java/Extensions:/System/Library/Java/Extensions:/usr/lib/java:."/>
    <property name="java.vendor" value="Oracle Corporation"/>
    <property name="java.vm.info" value="mixed mode"/>
    <property name="java.vm.version" value="11.0.10+8-LTS-162"/>
    <property name="sun.io.unicode.encoding" value="UnicodeBig"/>
    <property name="java.class.version" value="55.0"/>
    <property name="socksNonProxyHosts" value="local|*.local|169.254/16|*.169.254/16"/>
  </properties>
  <testcase name="test" classname="perretpy.HelloAppEngineTest(sponge_log)" time="0.059"/>
</testsuite>